2012-02-03 18:35:34 SampleClass6 [INFO] everything normal for id 577725851
2012-02-03 18:35:34 SampleClass4 [FATAL] system problem at id 1991281254
2012-02-03 18:35:34 SampleClass3 [DEBUG] detail for id 1304807656
2012-02-03 18:35:34 SampleClass3 [WARN] missing id 423340895
2012-02-03 18:35:34 SampleClass5 [TRACE] verbose detail for id 2082654978
2012-02-03 18:35:34 SampleClass0 [ERROR] incorrect id  1886438513
2012-02-03 18:35:34 SampleClass9 [TRACE] verbose detail for id 438634209
2012-02-03 18:35:34 SampleClass8 [DEBUG] detail for id 2074121310
2012-02-03 18:35:34 SampleClass0 [TRACE] verbose detail for id 1505582508
2012-02-03 18:35:34 SampleClass0 [TRACE] verbose detail for id 1903854437
2012-02-03 18:35:34 SampleClass7 [DEBUG] detail for id 915853141
2012-02-03 18:35:34 SampleClass3 [TRACE] verbose detail for id 303132401
2012-02-03 18:35:34 SampleClass6 [TRACE] verbose detail for id 151914369
2012-02-03 18:35:34 SampleClass2 [DEBUG] detail for id 146527742
2012-02-03 18:35:34 SampleClass5 [TRACE] verbose detail for id 1147275656
2012-02-03 18:35:34 SampleClass0 [TRACE] verbose detail for id 1639322587
2012-02-03 18:35:34 SampleClass0 [DEBUG] detail for id 1947448465
2012-02-03 18:35:34 SampleClass8 [INFO] everything normal for id 146253849
2012-02-03 18:35:34 SampleClass9 [TRACE] verbose detail for id 1608957378
2012-02-03 18:35:34 SampleClass0 [TRACE] verbose detail for id 1183808280
2012-02-03 18:35:34 SampleClass4 [DEBUG] detail for id 1395585766
2012-02-03 18:35:34 SampleClass4 [TRACE] verbose detail for id 155983096
2012-02-03 18:35:34 SampleClass5 [TRACE] verbose detail for id 1632884948
2012-02-03 18:35:34 SampleClass2 [DEBUG] detail for id 110682237
2012-02-03 18:35:34 SampleClass4 [INFO] 500 Server error
2012-02-03 18:35:34 SampleClass3 [TRACE] verbose detail for id 1739786736
2012-02-03 18:35:34 SampleClass5 [TRACE] verbose detail for id 792309118
2012-02-03 18:35:34 SampleClass1 [DEBUG] detail for id 1142802377
2012-02-03 18:35:34 SampleClass2 [TRACE] verbose detail for id 1559025043
2012-02-03 18:35:34 SampleClass7 [TRACE] verbose detail for id 40752315
2012-02-03 18:35:34 SampleClass8 [DEBUG] detail for id 499737644
2012-02-03 18:35:34 SampleClass6 [TRACE] verbose detail for id 400342153
2012-02-03 18:35:34 SampleClass4 [INFO] everything normal for id 1868490543

2012-02-03 18:35:34 SampleClass4 [INFO] 500 Server error
Test test test and Test
following line test
2012-02-03 18:35:34 SampleClass2 [DEBUG] detail for id 2059812448
2012-02-03 18:35:34 SampleClass5 [TRACE] verbose detail for id 766423792
2012-02-03 18:35:34 SampleClass3 [TRACE] verbose detail for id 671674205
2012-02-03 18:35:34 SampleClass3 [DEBUG] detail for id 2146263624
2012-02-03 18:35:34 SampleClass1 [TRACE] verbose detail for id 619472373
2012-02-03 18:35:34 SampleClass5 [TRACE] verbose detail for id 1391429871
2012-02-03 18:35:34 SampleClass4 [INFO] 500 Server error
2012-02-03 18:35:34 SampleClass1 [DEBUG] detail for id 1522968690
2012-02-03 18:35:34 SampleClass1 [TRACE] verbose detail for id 173216708
2012-02-03 18:35:34 SampleClass5 [TRACE] verbose detail for id 1089864222
2012-02-03 18:35:34 SampleClass0 [DEBUG] detail for id 778459926
2012-02-03 18:35:34 SampleClass2 [TRACE] verbose detail for id 775158107
2012-02-03 18:35:34 SampleClass8 [TRACE] verbose detail for id 1143165501
2012-02-03 18:35:34 SampleClass5 [DEBUG] detail for id 1533873133
2012-02-03 18:35:34 SampleClass4 [INFO] 500 Server error
2012-02-03 18:35:34 SampleClass9 [INFO] everything normal for id 1916666627
2012-02-03 18:35:34 SampleClass7 [TRACE] verbose detail for id 1530726118
2012-02-03 18:35:34 SampleClass3 [TRACE] verbose detail for id 38243257
2012-02-03 18:35:34 SampleClass7 [DEBUG] detail for id 1268939592
2012-02-03 18:35:34 SampleClass4 [INFO] 500 Server error
2012-02-03 18:35:34 SampleClass0 [TRACE] verbose detail for id 309815198
2012-02-03 18:35:34 SampleClass3 [TRACE] verbose detail for id 468333359
2012-02-03 18:35:34 SampleClass8 [DEBUG] detail for id 1825950524
2012-02-03 18:35:34 SampleClass1 [TRACE] verbose detail for id 1437966113
2012-02-03 18:35:34 SampleClass9 [TRACE] verbose detail for id 224128931
2012-02-03 18:35:34 SampleClass2 [DEBUG] detail for id 1536041481
2012-02-03 18:35:34 SampleClass6 [TRACE] verbose detail for id 565782217
2012-02-03 18:35:34 SampleClass0 [DEBUG] detail for id 1173921159
2012-02-03 18:35:34 SampleClass4 [INFO] 500 Server error
2012-02-03 18:35:34 SampleClass0 [TRACE] verbose detail for id 1270949141
2012-02-03 18:35:34 SampleClass8 [TRACE] verbose detail for id 2013059990
2012-02-03 18:35:34 SampleClass5 [INFO] everything normal for id 739587626
2012-02-03 18:35:34 SampleClass3 [DEBUG] detail for id 552130153
2012-02-03 18:35:34 SampleClass4 [INFO] 500 Server error
2012-02-03 18:35:34 SampleClass7 [TRACE] verbose detail for id 1100232257
2012-02-03 18:35:34 SampleClass5 [TRACE] verbose detail for id 1395624416
2012-02-03 18:35:34 SampleClass9 [DEBUG] detail for id 342163745
2012-02-03 18:35:34 SampleClass3 [TRACE] verbose detail for id 617561588
2012-02-03 18:35:34 SampleClass7 [TRACE] verbose detail for id 1310951787
2012-02-03 18:35:34 SampleClass6 [DEBUG] detail for id 2002740153
2012-02-03 18:35:34 SampleClass0 [TRACE] verbose detail for id 1557575416
2012-02-03 18:35:34 SampleClass9 [TRACE] verbose detail for id 1983250681
2012-02-03 18:35:34 SampleClass6 [DEBUG] detail for id 1173250086
2012-02-03 18:35:34 SampleClass9 [TRACE] verbose detail for id 1798066635
2012-02-03 18:35:34 SampleClass0 [TRACE] verbose detail for id 931939552
2012-02-03 18:35:34 SampleClass6 [DEBUG] detail for id 134320441
2012-02-03 18:35:34 SampleClass4 [TRACE] verbose detail for id 422428024
2012-02-03 18:35:34 SampleClass7 [INFO] everything normal for id 2050832396
2012-02-03 18:35:34 SampleClass2 [TRACE] verbose detail for id 435411914
2012-02-03 18:35:34 SampleClass2 [DEBUG] detail for id 1375153288
2012-02-03 18:35:34 SampleClass7 [TRACE] verbose detail for id 1285719039
2012-02-03 18:35:34 SampleClass5 [TRACE] verbose detail for id 145402884
2012-02-03 18:35:34 SampleClass6 [DEBUG] detail for id 1564658346
2012-02-03 18:35:34 SampleClass8 [TRACE] verbose detail for id 1932959719
2012-02-03 18:35:34 SampleClass7 [DEBUG] detail for id 847623795
2012-02-03 18:35:34 SampleClass0 [TRACE] verbose detail for id 559617879
2012-02-03 18:35:34 SampleClass4 [TRACE] verbose detail for id 765627069
2012-02-03 18:35:34 SampleClass6 [DEBUG] detail for id 1224092320
2012-02-03 18:35:34 SampleClass5 [TRACE] verbose detail for id 1258772657
2012-02-03 18:35:34 SampleClass9 [TRACE] verbose detail for id 1113842096
2012-02-03 18:35:34 SampleClass7 [INFO] everything normal for id 781623964
2012-02-03 18:35:34 SampleClass3 [DEBUG] detail for id 1426603165
2012-02-03 18:35:34 SampleClass7 [TRACE] verbose detail for id 1912528762
2012-02-03 18:35:34 SampleClass9 [TRACE] verbose detail for id 1616164055
2012-02-03 18:35:34 SampleClass3 [DEBUG] detail for id 362382078
2012-02-03 18:35:34 SampleClass2 [TRACE] verbose detail for id 457029489
2012-02-03 18:35:34 SampleClass3 [TRACE] verbose detail for id 218393462
2012-02-03 18:35:34 SampleClass0 [DEBUG] detail for id 645848704
2012-02-03 18:35:34 SampleClass4 [TRACE] verbose detail for id 371434395
2012-02-03 18:35:34 SampleClass8 [TRACE] verbose detail for id 686364317
2012-02-03 18:35:34 SampleClass6 [DEBUG] detail for id 1030368497
2012-02-03 18:35:34 SampleClass4 [TRACE] verbose detail for id 411397730
2012-02-03 18:35:34 SampleClass4 [TRACE] verbose detail for id 591446031
2012-02-03 18:35:34 SampleClass8 [DEBUG] detail for id 1794773877
2012-02-03 18:35:34 SampleClass2 [TRACE] verbose detail for id 1089970947
2012-02-03 18:35:34 SampleClass3 [INFO] everything normal for id 547313934
2012-02-03 18:35:34 SampleClass9 [DEBUG] detail for id 16598231
2012-02-03 18:35:34 SampleClass3 [TRACE] verbose detail for id 360863885
2012-02-03 18:35:34 SampleClass1 [TRACE] verbose detail for id 708369257
2012-02-03 18:35:34 SampleClass1 [DEBUG] detail for id 61674798
2012-02-03 18:35:34 SampleClass6 [TRACE] verbose detail for id 772551455
2012-02-03 18:35:34 SampleClass0 [TRACE] verbose detail for id 210906854
2012-02-03 18:35:34 SampleClass3 [DEBUG] detail for id 52023398
2012-02-03 18:35:34 SampleClass2 [TRACE] verbose detail for id 1486660878
2012-02-03 18:35:34 SampleClass2 [TRACE] verbose detail for id 1158450661
2012-02-03 18:35:34 SampleClass0 [DEBUG] detail for id 1190977932
2012-02-03 18:35:34 SampleClass2 [TRACE] verbose detail for id 1191757349
2012-02-03 18:35:34 SampleClass5 [TRACE] verbose detail for id 1556751471
2012-02-03 18:35:34 SampleClass0 [INFO] everything normal for id 2044892337
2012-02-03 18:35:34 SampleClass1 [DEBUG] detail for id 2130293335
2012-02-03 18:35:34 SampleClass9 [TRACE] verbose detail for id 2063826525
2012-02-03 18:35:34 SampleClass4 [TRACE] verbose detail for id 988304329
2012-02-03 18:35:34 SampleClass7 [DEBUG] detail for id 372587635
2012-02-03 18:35:34 SampleClass8 [TRACE] verbose detail for id 757509658
2012-02-03 18:35:34 SampleClass6 [TRACE] verbose detail for id 1189164169
2012-02-03 18:35:34 SampleClass4 [DEBUG] detail for id 1620699449
2012-02-03 18:35:34 SampleClass5 [TRACE] verbose detail for id 1406148614
2012-02-03 18:35:34 SampleClass2 [TRACE] verbose detail for id 907685529
2012-02-03 18:35:34 SampleClass7 [DEBUG] detail for id 1740490143
2012-02-03 18:35:34 SampleClass1 [TRACE] verbose detail for id 701889573
2012-02-03 18:35:34 SampleClass2 [TRACE] verbose detail for id 7396032
2012-02-03 18:35:34 SampleClass5 [DEBUG] detail for id 791840660
2012-02-03 18:35:34 SampleClass8 [INFO] everything normal for id 1857885262
2012-02-03 18:35:34 SampleClass4 [TRACE] verbose detail for id 764182614
2012-02-03 18:35:34 SampleClass0 [DEBUG] detail for id 1768055227
2012-02-03 18:35:34 SampleClass4 [INFO] 500 Server error
2012-02-03 18:40:36 SampleClass7 [TRACE] verbose detail for id 542803217
2012-02-03 18:40:36 SampleClass5 [TRACE] verbose detail for id 1314166755
2012-02-03 18:40:36 SampleClass4 [DEBUG] detail for id 1098585196
2012-02-03 18:40:36 SampleClass8 [TRACE] verbose detail for id 991407675
2012-02-03 18:40:36 SampleClass9 [WARN] missing id 715082426
2012-02-03 18:40:36 SampleClass5 [TRACE] verbose detail for id 480000858
2012-02-03 18:40:36 SampleClass7 [DEBUG] detail for id 258924934
2012-02-03 18:40:36 SampleClass4 [TRACE] verbose detail for id 571440523
2012-02-03 18:40:36 SampleClass2 [TRACE] verbose detail for id 293194156
2012-02-03 18:40:36 SampleClass4 [DEBUG] detail for id 254080448
2012-02-03 18:40:36 SampleClass7 [TRACE] verbose detail for id 542735694
2012-02-03 18:40:36 SampleClass8 [INFO] everything normal for id 2028656087
2012-02-03 18:40:36 SampleClass8 [TRACE] verbose detail for id 513536436
2012-02-03 18:40:36 SampleClass5 [DEBUG] detail for id 1375144057
2012-02-03 18:40:36 SampleClass2 [TRACE] verbose detail for id 1751687909
2012-02-03 18:40:36 SampleClass2 [TRACE] verbose detail for id 229390750
2012-02-03 18:40:36 SampleClass2 [DEBUG] detail for id 1263435152
2012-02-03 18:40:36 SampleClass1 [TRACE] verbose detail for id 971546034
2012-02-03 18:40:36 SampleClass0 [TRACE] verbose detail for id 1489081348
2012-02-03 18:40:36 SampleClass0 [DEBUG] detail for id 1974977594
2012-02-03 18:40:36 SampleClass4 [TRACE] verbose detail for id 894915373
2012-02-03 18:40:36 SampleClass3 [DEBUG] detail for id 675052260
2012-02-03 18:40:36 SampleClass5 [TRACE] verbose detail for id 496367434
2012-02-03 18:40:36 SampleClass5 [TRACE] verbose detail for id 1729173297
2012-02-03 18:40:36 SampleClass9 [DEBUG] detail for id 599346363
2012-02-03 18:40:36 SampleClass5 [TRACE] verbose detail for id 1289642214
2012-02-03 18:40:36 SampleClass9 [INFO] everything normal for id 852931937
2012-02-03 18:40:36 SampleClass1 [TRACE] verbose detail for id 1206510216
2012-02-03 18:40:36 SampleClass1 [DEBUG] detail for id 1324514084
2012-02-03 18:40:36 SampleClass5 [TRACE] verbose detail for id 2087067981
2012-02-03 18:40:36 SampleClass3 [TRACE] verbose detail for id 191203222
2012-02-03 18:40:36 SampleClass3 [DEBUG] detail for id 2135742055
2012-02-03 18:40:36 SampleClass0 [TRACE] verbose detail for id 326885491
2012-02-03 18:40:36 SampleClass0 [TRACE] verbose detail for id 1252455486
2012-02-03 18:40:36 SampleClass5 [DEBUG] detail for id 2140113578
2012-02-03 18:40:36 SampleClass3 [TRACE] verbose detail for id 585470183
2012-02-03 18:40:36 SampleClass7 [TRACE] verbose detail for id 1746719057
2012-02-03 18:40:36 SampleClass9 [DEBUG] detail for id 1261559809
2012-02-03 18:40:36 SampleClass0 [TRACE] verbose detail for id 42549042
2012-02-03 18:40:36 SampleClass0 [INFO] everything normal for id 49647072
2012-02-03 18:40:36 SampleClass9 [DEBUG] detail for id 1899039576
2012-02-03 18:40:36 SampleClass3 [TRACE] verbose detail for id 540858853
2012-02-03 18:40:36 SampleClass7 [TRACE] verbose detail for id 560777404
2012-02-03 18:40:36 SampleClass5 [DEBUG] detail for id 285048743
2012-02-03 18:40:36 SampleClass3 [TRACE] verbose detail for id 256774312
2012-02-03 18:35:34 SampleClass4 [INFO] 500 Server error
2012-02-03 18:40:36 SampleClass2 [TRACE] verbose detail for id 353289318
2012-02-03 18:40:36 SampleClass9 [DEBUG] detail for id 1070329362
2012-02-03 18:40:36 SampleClass7 [TRACE] verbose detail for id 427454552
2012-02-03 18:40:36 SampleClass0 [TRACE] verbose detail for id 1720312947
2012-02-03 20:11:56 SampleClass7 [TRACE] verbose detail for id 1560323914
2012-02-03 20:11:56 SampleClass8 [DEBUG] detail for id 2083681507


following line test Test test test and Test
2012-02-03 20:11:56 SampleClass3 [TRACE] verbose detail for id 1718828806
2012-02-03 18:35:34 SampleClass4 [INFO] 500 Server error
2012-02-03 20:11:56 SampleClass3 [INFO] everything normal for id 530537821
End Of the Line
